<?xml version="1.0" encoding="UTF-8"?>
<testng-results ignored="0" total="2" passed="1" failed="1" skipped="0">
  <reporter-output>
    <line>
      <![CDATA[the method name homePage is failed]]>
    </line>
  </reporter-output>
  <suite started-at="2023-01-28T01:00:56 IST" name="Default suite" finished-at="2023-01-28T01:01:06 IST" duration-ms="9790">
    <groups>
    </groups>
    <test started-at="2023-01-28T01:00:56 IST" name="Default test" finished-at="2023-01-28T01:01:06 IST" duration-ms="9790">
      <class name="dynamicScreenshot.ActiTimeTestNGLogin">
        <test-method is-config="true" signature="setUp()[pri:0, instance:dynamicScreenshot.ActiTimeTestNGLogin@696da30b]" started-at="2023-01-28T01:00:56 IST" name="setUp" finished-at="2023-01-28T01:01:01 IST" duration-ms="4856" status="PASS">
          <reporter-output>
          </reporter-output>
        </test-method> <!-- setUp -->
        <test-method signature="loginPage()[pri:0, instance:dynamicScreenshot.ActiTimeTestNGLogin@696da30b]" started-at="2023-01-28T01:01:01 IST" name="loginPage" finished-at="2023-01-28T01:01:02 IST" duration-ms="264" status="PASS">
          <reporter-output>
          </reporter-output>
        </test-method> <!-- loginPage -->
        <test-method is-config="true" signature="close()[pri:0, instance:dynamicScreenshot.ActiTimeTestNGLogin@696da30b]" started-at="2023-01-28T01:01:02 IST" name="close" finished-at="2023-01-28T01:01:02 IST" duration-ms="285" status="PASS">
          <reporter-output>
          </reporter-output>
        </test-method> <!-- close -->
        <test-method is-config="true" signature="setUp()[pri:0, instance:dynamicScreenshot.ActiTimeTestNGLogin@696da30b]" started-at="2023-01-28T01:01:02 IST" name="setUp" finished-at="2023-01-28T01:01:03 IST" duration-ms="1618" status="PASS">
          <reporter-output>
          </reporter-output>
        </test-method> <!-- setUp -->
        <test-method signature="homePage()[pri:1, instance:dynamicScreenshot.ActiTimeTestNGLogin@696da30b]" started-at="2023-01-28T01:01:03 IST" name="homePage" finished-at="2023-01-28T01:01:06 IST" duration-ms="2280" status="FAIL">
          <exception class="org.junit.ComparisonFailure">
            <message>
              <![CDATA[expected:<actiTIME - [Enter ]Time-Track> but was:<actiTIME - [nter]Time-Track>]]>
            </message>
            <full-stacktrace>
              <![CDATA[org.junit.ComparisonFailure: expected:<actiTIME - [Enter ]Time-Track> but was:<actiTIME - [nter]Time-Track>
at org.junit.Assert.assertEquals(Assert.java:115)
at org.junit.Assert.assertEquals(Assert.java:144)
at dynamicScreenshot.ActiTimeTestNGLogin.homePage(ActiTimeTestNGLogin.java:40)
at java.base/jdk.internal.reflect.NativeMethodAccessorImpl.invoke0(Native Method)
at java.base/jdk.internal.reflect.NativeMethodAccessorImpl.invoke(NativeMethodAccessorImpl.java:77)
at java.base/jdk.internal.reflect.DelegatingMethodAccessorImpl.invoke(DelegatingMethodAccessorImpl.java:43)
at java.base/java.lang.reflect.Method.invoke(Method.java:568)
at org.testng.internal.MethodInvocationHelper.invokeMethod(MethodInvocationHelper.java:133)
at org.testng.internal.TestInvoker.invokeMethod(TestInvoker.java:598)
at org.testng.internal.TestInvoker.invokeTestMethod(TestInvoker.java:173)
at org.testng.internal.MethodRunner.runInSequence(MethodRunner.java:46)
at org.testng.internal.TestInvoker$MethodInvocationAgent.invoke(TestInvoker.java:824)
at org.testng.internal.TestInvoker.invokeTestMethods(TestInvoker.java:146)
at org.testng.internal.TestMethodWorker.invokeTestMethods(TestMethodWorker.java:146)
at org.testng.internal.TestMethodWorker.run(TestMethodWorker.java:128)
at java.base/java.util.ArrayList.forEach(ArrayList.java:1511)
at org.testng.TestRunner.privateRun(TestRunner.java:794)
at org.testng.TestRunner.run(TestRunner.java:596)
at org.testng.SuiteRunner.runTest(SuiteRunner.java:377)
at org.testng.SuiteRunner.runSequentially(SuiteRunner.java:371)
at org.testng.SuiteRunner.privateRun(SuiteRunner.java:332)
at org.testng.SuiteRunner.run(SuiteRunner.java:276)
at org.testng.SuiteRunnerWorker.runSuite(SuiteRunnerWorker.java:53)
at org.testng.SuiteRunnerWorker.run(SuiteRunnerWorker.java:96)
at org.testng.TestNG.runSuitesSequentially(TestNG.java:1212)
at org.testng.TestNG.runSuitesLocally(TestNG.java:1134)
at org.testng.TestNG.runSuites(TestNG.java:1063)
at org.testng.TestNG.run(TestNG.java:1031)
at org.testng.remote.AbstractRemoteTestNG.run(AbstractRemoteTestNG.java:115)
at org.testng.remote.RemoteTestNG.initAndRun(RemoteTestNG.java:251)
at org.testng.remote.RemoteTestNG.main(RemoteTestNG.java:77)
]]>
            </full-stacktrace>
          </exception> <!-- org.junit.ComparisonFailure -->
          <reporter-output>
            <line>
              <![CDATA[the method name homePage is failed]]>
            </line>
          </reporter-output>
        </test-method> <!-- homePage -->
        <test-method is-config="true" signature="close()[pri:0, instance:dynamicScreenshot.ActiTimeTestNGLogin@696da30b]" started-at="2023-01-28T01:01:06 IST" name="close" finished-at="2023-01-28T01:01:06 IST" duration-ms="386" status="PASS">
          <reporter-output>
          </reporter-output>
        </test-method> <!-- close -->
      </class> <!-- dynamicScreenshot.ActiTimeTestNGLogin -->
    </test> <!-- Default test -->
  </suite> <!-- Default suite -->
</testng-results>
