<?xml version="1.0" encoding="UTF-8"?>
<testng-results ignored="0" total="1" passed="1" failed="0" skipped="0">
  <reporter-output>
  </reporter-output>
  <suite started-at="2023-01-28T13:37:43 IST" name="Default suite" finished-at="2023-01-28T13:38:12 IST" duration-ms="29273">
    <groups>
    </groups>
    <test started-at="2023-01-28T13:37:43 IST" name="Default test" finished-at="2023-01-28T13:38:12 IST" duration-ms="29273">
      <class name="testPackage.ActiTimeCreateUser">
        <test-method is-config="true" signature="SetUp()[pri:0, instance:testPackage.ActiTimeCreateUser@79da8dc5]" started-at="2023-01-28T13:37:43 IST" name="SetUp" finished-at="2023-01-28T13:37:48 IST" duration-ms="4760" status="PASS">
          <reporter-output>
          </reporter-output>
        </test-method> <!-- SetUp -->
        <test-method signature="createValidUser()[pri:0, instance:testPackage.ActiTimeCreateUser@79da8dc5]" started-at="2023-01-28T13:37:48 IST" name="createValidUser" finished-at="2023-01-28T13:38:12 IST" duration-ms="24009" status="PASS">
          <reporter-output>
          </reporter-output>
        </test-method> <!-- createValidUser -->
        <test-method is-config="true" signature="tearDown()[pri:0, instance:testPackage.ActiTimeCreateUser@79da8dc5]" started-at="2023-01-28T13:38:12 IST" name="tearDown" finished-at="2023-01-28T13:38:12 IST" duration-ms="429" status="PASS">
          <reporter-output>
          </reporter-output>
        </test-method> <!-- tearDown -->
      </class> <!-- testPackage.ActiTimeCreateUser -->
    </test> <!-- Default test -->
  </suite> <!-- Default suite -->
</testng-results>
